02-15 13:26:07 com_github_MitjaNemec_ReplicateLayout.action_replicate_layout 392:Plugin executed on: 'win32'
02-15 13:26:07 com_github_MitjaNemec_ReplicateLayout.action_replicate_layout 393:Plugin executed with python version: '3.11.5 (main, Nov  3 2024, 06:58:22) [MSC v.1939 64 bit (AMD64)]'
02-15 13:26:07 com_github_MitjaNemec_ReplicateLayout.action_replicate_layout 394:KiCad build version: 8.0.7
02-15 13:26:07 com_github_MitjaNemec_ReplicateLayout.action_replicate_layout 395:Plugin version: 3.0.3
02-15 13:26:07 com_github_MitjaNemec_ReplicateLayout.action_replicate_layout 396:Frame repr: <wx._core.Frame object at 0x000001C35A1FEE60>
02-15 13:26:07 com_github_MitjaNemec_ReplicateLayout.action_replicate_layout 420:Preparing replicator with U7 as a reference
02-15 13:26:07 com_github_MitjaNemec_ReplicateLayout.replicate_layout 117:getting a list of all footprints on board
02-15 13:26:07 com_github_MitjaNemec_ReplicateLayout.action_replicate_layout 468:source anchor footprint is 'U7'
Located on: ['HBridge2']
With filenames: ['hbridge.kicad_sch']
With sheet_id:['HBridge2']
02-15 13:26:07 com_github_MitjaNemec_ReplicateLayout.action_replicate_layout 475:Corresponding footprints are 
[('U7', ['HBridge2']), ('U2', ['HBridge1'])]
02-15 13:26:07 com_github_MitjaNemec_ReplicateLayout.action_replicate_layout 487:Showing dialog
02-15 13:26:07 com_github_MitjaNemec_ReplicateLayout.replicate_layout 472:constructing a list of sheets suitable for replication on level:'HBridge2', file:'hbridge.kicad_sch'
02-15 13:26:07 com_github_MitjaNemec_ReplicateLayout.replicate_layout 509:suitable sheets are:[['HBridge1']]
02-15 13:26:07 com_github_MitjaNemec_ReplicateLayout.replicate_layout 1507:Level selected: ['HBridge2']
02-15 13:26:07 com_github_MitjaNemec_ReplicateLayout.replicate_layout 1331:Filtering list of tracks
02-15 13:26:07 com_github_MitjaNemec_ReplicateLayout.action_replicate_layout 493:Toolbar position: wx.Point(2594, 77)
02-15 13:26:07 com_github_MitjaNemec_ReplicateLayout.action_replicate_layout 498:Dialog position: wx.Point(2155, 77)
02-15 13:26:08 com_github_MitjaNemec_ReplicateLayout.replicate_layout 472:constructing a list of sheets suitable for replication on level:'HBridge2', file:'hbridge.kicad_sch'
02-15 13:26:08 com_github_MitjaNemec_ReplicateLayout.replicate_layout 509:suitable sheets are:[['HBridge1']]
02-15 13:26:08 com_github_MitjaNemec_ReplicateLayout.action_replicate_layout 240:Replicating layout
02-15 13:26:08 com_github_MitjaNemec_ReplicateLayout.replicate_layout 288:Starting replication of sheets: [['HBridge1']]
on level: ['HBridge2']
with tracks=True, zone=True, text=True, text=True, intersecting=False, remove=False, locked footprints=False, group_only=False
02-15 13:26:08 root 332:updating GUI message: 'Preparing for replication'
02-15 13:26:08 root 337:updating GUI with: 0
02-15 13:26:08 com_github_MitjaNemec_ReplicateLayout.replicate_layout 358:Getting the list of source footprints
02-15 13:26:08 com_github_MitjaNemec_ReplicateLayout.replicate_layout 368:Getting the list of all the remaining footprints
02-15 13:26:08 com_github_MitjaNemec_ReplicateLayout.replicate_layout 375:Getting source tracks
02-15 13:26:08 com_github_MitjaNemec_ReplicateLayout.replicate_layout 1331:Filtering list of tracks
02-15 13:26:08 com_github_MitjaNemec_ReplicateLayout.replicate_layout 379:Getting source zones
02-15 13:26:08 com_github_MitjaNemec_ReplicateLayout.replicate_layout 383:Getting source text items
02-15 13:26:08 com_github_MitjaNemec_ReplicateLayout.replicate_layout 387:Getting source drawing items
02-15 13:26:08 root 332:updating GUI message: 'Replicating footprints'
02-15 13:26:08 com_github_MitjaNemec_ReplicateLayout.replicate_layout 861:Replicating footprints
02-15 13:26:08 com_github_MitjaNemec_ReplicateLayout.replicate_layout 868:Replicating footprints on sheet ['HBridge1']
02-15 13:26:08 com_github_MitjaNemec_ReplicateLayout.replicate_layout 985:Src text UUid:09ab009f-91b9-4565-a4fb-61898771e2dc
02-15 13:26:08 com_github_MitjaNemec_ReplicateLayout.replicate_layout 986:Dst text UUid:1bb95eed-61fe-46e7-abb2-93a9733e4f5d
02-15 13:26:08 com_github_MitjaNemec_ReplicateLayout.replicate_layout 985:Src text UUid:a2bf90d0-8c03-426b-af5f-78f4155860d1
02-15 13:26:08 com_github_MitjaNemec_ReplicateLayout.replicate_layout 986:Dst text UUid:84100700-0c5b-41bd-8b86-4e5b5cb2aa1f
02-15 13:26:08 com_github_MitjaNemec_ReplicateLayout.replicate_layout 985:Src text UUid:899efa83-d1c1-44ff-bc7b-31da7005f024
02-15 13:26:08 com_github_MitjaNemec_ReplicateLayout.replicate_layout 986:Dst text UUid:9ec8bbdd-0c43-4dc1-8707-32a2254a46ac
02-15 13:26:08 com_github_MitjaNemec_ReplicateLayout.replicate_layout 985:Src text UUid:28504365-6a02-4c30-99a2-9d284809e072
02-15 13:26:08 com_github_MitjaNemec_ReplicateLayout.replicate_layout 986:Dst text UUid:e070ef97-bf36-439d-8ba6-a425f634bda5
02-15 13:26:08 com_github_MitjaNemec_ReplicateLayout.replicate_layout 985:Src text UUid:b7e41dbe-0310-4b39-bfa1-2cf204fe1dc8
02-15 13:26:08 com_github_MitjaNemec_ReplicateLayout.replicate_layout 986:Dst text UUid:c26df86b-b25a-4c45-b744-395c552672ae
02-15 13:26:08 com_github_MitjaNemec_ReplicateLayout.replicate_layout 985:Src text UUid:201395c8-0177-4c51-8777-a8ac632ccb90
02-15 13:26:08 com_github_MitjaNemec_ReplicateLayout.replicate_layout 986:Dst text UUid:1120e83b-a546-4aac-8d71-3cb923d33a25
02-15 13:26:08 com_github_MitjaNemec_ReplicateLayout.replicate_layout 985:Src text UUid:3428e64e-c1e7-40af-ae82-bcc35f361876
02-15 13:26:08 com_github_MitjaNemec_ReplicateLayout.replicate_layout 986:Dst text UUid:9fdc71e7-a225-447c-a6b7-68634e721111
02-15 13:26:08 com_github_MitjaNemec_ReplicateLayout.replicate_layout 985:Src text UUid:3f9959fe-6b56-4290-a6cf-372f4c6142c0
02-15 13:26:08 com_github_MitjaNemec_ReplicateLayout.replicate_layout 986:Dst text UUid:70b64ff2-3775-4bde-99fd-34eb1416026e
02-15 13:26:08 com_github_MitjaNemec_ReplicateLayout.replicate_layout 985:Src text UUid:eec15af3-432e-40b5-8432-aec594825457
02-15 13:26:08 com_github_MitjaNemec_ReplicateLayout.replicate_layout 986:Dst text UUid:f94408d8-87ec-406f-b377-6b2ad04288c7
02-15 13:26:08 com_github_MitjaNemec_ReplicateLayout.replicate_layout 985:Src text UUid:da7c3fbb-844f-48b4-a903-7a79f5deb719
02-15 13:26:08 com_github_MitjaNemec_ReplicateLayout.replicate_layout 986:Dst text UUid:0344c15d-35af-4f39-99df-52aaed701c9b
02-15 13:26:08 com_github_MitjaNemec_ReplicateLayout.replicate_layout 985:Src text UUid:9ccacfeb-e9fe-4f7b-84a4-671327b55dd2
02-15 13:26:08 com_github_MitjaNemec_ReplicateLayout.replicate_layout 986:Dst text UUid:e09dbe8f-1bf4-4f91-9352-58af17c69052
02-15 13:26:08 com_github_MitjaNemec_ReplicateLayout.replicate_layout 985:Src text UUid:c2722d92-3cc4-496a-81a5-6a5849594079
02-15 13:26:08 com_github_MitjaNemec_ReplicateLayout.replicate_layout 986:Dst text UUid:5e7de429-209e-4fa6-a9cb-618ecce0d94d
02-15 13:26:08 com_github_MitjaNemec_ReplicateLayout.replicate_layout 985:Src text UUid:cfbb0558-853d-4456-97fe-3fba35ed2b0f
02-15 13:26:08 com_github_MitjaNemec_ReplicateLayout.replicate_layout 986:Dst text UUid:0ff0acae-7c00-497d-8c63-0cc73c571979
02-15 13:26:08 com_github_MitjaNemec_ReplicateLayout.replicate_layout 985:Src text UUid:75b6f89f-f244-4433-b43a-8b8d8842e6ca
02-15 13:26:08 com_github_MitjaNemec_ReplicateLayout.replicate_layout 986:Dst text UUid:4daa2c4e-d366-4eee-8a44-8400c705d37c
02-15 13:26:08 com_github_MitjaNemec_ReplicateLayout.replicate_layout 985:Src text UUid:53ca122e-5fbd-405c-b4de-344e356bf178
02-15 13:26:08 com_github_MitjaNemec_ReplicateLayout.replicate_layout 986:Dst text UUid:6a15da51-eae8-408c-bec2-4e016238f3b0
02-15 13:26:08 com_github_MitjaNemec_ReplicateLayout.replicate_layout 985:Src text UUid:1ed3cd13-ac34-4bb2-91e4-76367b1d64e1
02-15 13:26:08 com_github_MitjaNemec_ReplicateLayout.replicate_layout 986:Dst text UUid:c4e4393e-c930-44b2-a62b-1d6efbe332d9
02-15 13:26:08 com_github_MitjaNemec_ReplicateLayout.replicate_layout 985:Src text UUid:046f91cf-7c31-4d3c-860e-e12d7d523018
02-15 13:26:08 com_github_MitjaNemec_ReplicateLayout.replicate_layout 986:Dst text UUid:87da34bf-5b8e-4315-8972-cc882f4cbc7a
02-15 13:26:08 com_github_MitjaNemec_ReplicateLayout.replicate_layout 985:Src text UUid:7eb2a736-ac1e-442f-9ba8-1d16ee23829d
02-15 13:26:08 com_github_MitjaNemec_ReplicateLayout.replicate_layout 986:Dst text UUid:03ce28b2-10f8-4f0a-a7e0-dd6520177455
02-15 13:26:08 com_github_MitjaNemec_ReplicateLayout.replicate_layout 985:Src text UUid:08aed872-2203-40d5-95ec-553d936f4c4a
02-15 13:26:08 com_github_MitjaNemec_ReplicateLayout.replicate_layout 986:Dst text UUid:02bbcc1c-f45b-4099-9b23-2978ec8db78d
02-15 13:26:08 com_github_MitjaNemec_ReplicateLayout.replicate_layout 985:Src text UUid:587c79a1-e715-40a3-bde1-acd14dc84aca
02-15 13:26:08 com_github_MitjaNemec_ReplicateLayout.replicate_layout 986:Dst text UUid:c9dfb691-520c-480e-9574-612b711ec943
02-15 13:26:08 com_github_MitjaNemec_ReplicateLayout.replicate_layout 985:Src text UUid:02b24049-36fc-4508-bdbe-a4efd9fb0ebd
02-15 13:26:08 com_github_MitjaNemec_ReplicateLayout.replicate_layout 986:Dst text UUid:55fc5d5a-215a-4650-a760-2bf8cc14c670
02-15 13:26:08 com_github_MitjaNemec_ReplicateLayout.replicate_layout 985:Src text UUid:77a9a3a6-bdb2-4c45-9b5b-cf5b27ff4670
02-15 13:26:08 com_github_MitjaNemec_ReplicateLayout.replicate_layout 986:Dst text UUid:0cc9c0a3-b994-46a9-8589-1236e50057ba
02-15 13:26:08 com_github_MitjaNemec_ReplicateLayout.replicate_layout 985:Src text UUid:bf4ba62a-c916-4de2-a9ff-35f59b974a74
02-15 13:26:08 com_github_MitjaNemec_ReplicateLayout.replicate_layout 986:Dst text UUid:9a32fb48-701d-4f9c-98d7-96ca009ee06b
02-15 13:26:08 com_github_MitjaNemec_ReplicateLayout.replicate_layout 985:Src text UUid:e5ec368e-75bd-4856-bb35-1167a57e914e
02-15 13:26:08 com_github_MitjaNemec_ReplicateLayout.replicate_layout 986:Dst text UUid:24f27559-21b5-4eb4-93a2-a9bad250a500
02-15 13:26:08 com_github_MitjaNemec_ReplicateLayout.replicate_layout 985:Src text UUid:f13e87cd-d6d5-4f11-8e36-d492f4f5f72e
02-15 13:26:08 com_github_MitjaNemec_ReplicateLayout.replicate_layout 986:Dst text UUid:318fade4-f60a-4cf2-8373-c2d5130faf15
02-15 13:26:08 com_github_MitjaNemec_ReplicateLayout.replicate_layout 985:Src text UUid:5828fa9b-2834-4373-b541-48c85b5f853a
02-15 13:26:08 com_github_MitjaNemec_ReplicateLayout.replicate_layout 986:Dst text UUid:2bd32bea-809b-4ee7-92d9-722b99378f8d
02-15 13:26:08 com_github_MitjaNemec_ReplicateLayout.replicate_layout 985:Src text UUid:d5761a5f-f649-4a19-a927-83aca5aa9cc3
02-15 13:26:08 com_github_MitjaNemec_ReplicateLayout.replicate_layout 986:Dst text UUid:5fadc31f-1212-4c62-9da9-0d3266953698
02-15 13:26:08 com_github_MitjaNemec_ReplicateLayout.replicate_layout 985:Src text UUid:0460caa2-823d-494f-8abf-b5a08eb45c6a
02-15 13:26:08 com_github_MitjaNemec_ReplicateLayout.replicate_layout 986:Dst text UUid:1f31d837-cd51-4060-b0a0-0b4aa66d85d7
02-15 13:26:08 com_github_MitjaNemec_ReplicateLayout.replicate_layout 985:Src text UUid:ca5bc254-4df8-453a-8c3c-dcf7ee31feca
02-15 13:26:08 com_github_MitjaNemec_ReplicateLayout.replicate_layout 986:Dst text UUid:0343540f-4f22-489b-b2e4-f4caab13d2f0
02-15 13:26:08 com_github_MitjaNemec_ReplicateLayout.replicate_layout 985:Src text UUid:f6343316-b848-4191-a922-1b2f1c39cbb4
02-15 13:26:08 com_github_MitjaNemec_ReplicateLayout.replicate_layout 986:Dst text UUid:dd12851f-5e1b-4e78-bd58-402cd2a5e5c5
02-15 13:26:08 com_github_MitjaNemec_ReplicateLayout.replicate_layout 985:Src text UUid:4c4c349c-950c-401f-b709-cb56640e8416
02-15 13:26:08 com_github_MitjaNemec_ReplicateLayout.replicate_layout 986:Dst text UUid:cf77bb51-94ee-48ea-89ba-d3f4b973483e
02-15 13:26:08 com_github_MitjaNemec_ReplicateLayout.replicate_layout 985:Src text UUid:67a44376-42cf-4341-a548-c95a11921039
02-15 13:26:08 com_github_MitjaNemec_ReplicateLayout.replicate_layout 986:Dst text UUid:22cd702a-eb13-4f7c-aa50-da5b6ee7ee53
02-15 13:26:08 com_github_MitjaNemec_ReplicateLayout.replicate_layout 985:Src text UUid:4ddc76a8-05cf-4d57-b522-dd3b9de03a01
02-15 13:26:08 com_github_MitjaNemec_ReplicateLayout.replicate_layout 986:Dst text UUid:dde1767f-2f4b-4179-a652-bf49beeecf4a
02-15 13:26:08 com_github_MitjaNemec_ReplicateLayout.replicate_layout 985:Src text UUid:72c9cac4-943b-4b8f-9bb3-b18b913280b7
02-15 13:26:08 com_github_MitjaNemec_ReplicateLayout.replicate_layout 986:Dst text UUid:13c8f331-ddd9-47d2-ae71-e8d4c5643cff
02-15 13:26:08 com_github_MitjaNemec_ReplicateLayout.replicate_layout 985:Src text UUid:3425202c-dffc-4f20-b8cb-d9a68fda9953
02-15 13:26:08 com_github_MitjaNemec_ReplicateLayout.replicate_layout 986:Dst text UUid:4dc08088-2793-4a97-96a3-85d0574e37c5
02-15 13:26:08 com_github_MitjaNemec_ReplicateLayout.replicate_layout 985:Src text UUid:d8651077-d00e-4e3e-a935-8b4de471b0b7
02-15 13:26:08 com_github_MitjaNemec_ReplicateLayout.replicate_layout 986:Dst text UUid:68e1c963-2ae6-423f-9f0f-063145a251ae
02-15 13:26:08 com_github_MitjaNemec_ReplicateLayout.replicate_layout 985:Src text UUid:18e72fa1-d0c2-401c-bf4e-0542bacd1e20
02-15 13:26:08 com_github_MitjaNemec_ReplicateLayout.replicate_layout 986:Dst text UUid:e49fa217-7602-41fe-ac23-b55b62868646
02-15 13:26:08 com_github_MitjaNemec_ReplicateLayout.replicate_layout 985:Src text UUid:e46e637f-0226-47f9-aee0-2b38a556212b
02-15 13:26:08 com_github_MitjaNemec_ReplicateLayout.replicate_layout 986:Dst text UUid:a9728323-ea83-410a-96df-80834f55beee
02-15 13:26:08 root 332:updating GUI message: 'Replicating tracks'
02-15 13:26:08 com_github_MitjaNemec_ReplicateLayout.replicate_layout 1009:Replicating tracks
02-15 13:26:08 com_github_MitjaNemec_ReplicateLayout.replicate_layout 1015:Replicating tracks on sheet ['HBridge1']
02-15 13:26:08 com_github_MitjaNemec_ReplicateLayout.replicate_layout 792:Net pairs for sheet ['HBridge1'] :[('Net-(U6-G)', 'Net-(U1-G)'), ('/BMA1', '/BMB1'), ('Net-(U8-G)', 'Net-(U3-G)'), ('/HA2', '/HB2'), ('/CA2', '/CB2'), ('/SRAL', '/SRBL'), ('/CA1', '/CB1'), ('/BMA2', '/BMB2'), ('/SRAH', '/SRBH'), ('/LA2', '/LB2'), ('/LA1', '/LB1'), ('/HA1', '/HB1'), ('GND', 'GND'), ('Net-(U9-G)', 'Net-(U4-G)'), ('VM', 'VM'), ('Net-(U7-S)', 'Net-(U2-S)'), ('Net-(U7-G)', 'Net-(U2-G)')]
02-15 13:26:08 root 332:updating GUI message: 'Replicating zones'
02-15 13:26:08 com_github_MitjaNemec_ReplicateLayout.replicate_layout 1079:Replicating zones
02-15 13:26:08 root 337:updating GUI with: 0
02-15 13:26:08 com_github_MitjaNemec_ReplicateLayout.replicate_layout 1086:Replicating zones on sheet ['HBridge1']
02-15 13:26:08 com_github_MitjaNemec_ReplicateLayout.replicate_layout 792:Net pairs for sheet ['HBridge1'] :[('Net-(U6-G)', 'Net-(U1-G)'), ('/BMA1', '/BMB1'), ('Net-(U8-G)', 'Net-(U3-G)'), ('/HA2', '/HB2'), ('/CA2', '/CB2'), ('/SRAL', '/SRBL'), ('/CA1', '/CB1'), ('/BMA2', '/BMB2'), ('/SRAH', '/SRBH'), ('/LA2', '/LB2'), ('/LA1', '/LB1'), ('/HA1', '/HB1'), ('GND', 'GND'), ('Net-(U9-G)', 'Net-(U4-G)'), ('VM', 'VM'), ('Net-(U7-S)', 'Net-(U2-S)'), ('Net-(U7-G)', 'Net-(U2-G)')]
02-15 13:26:08 root 332:updating GUI message: 'Replicating text'
02-15 13:26:08 com_github_MitjaNemec_ReplicateLayout.replicate_layout 1168:Replicating text
02-15 13:26:08 com_github_MitjaNemec_ReplicateLayout.replicate_layout 1175:Replicating text on sheet ['HBridge1']
02-15 13:26:08 root 332:updating GUI message: 'Replicating drawings'
02-15 13:26:08 com_github_MitjaNemec_ReplicateLayout.replicate_layout 1219:Replicating drawings
02-15 13:26:08 com_github_MitjaNemec_ReplicateLayout.replicate_layout 1225:Replicating drawings on sheet ['HBridge1']
02-15 13:26:09 com_github_MitjaNemec_ReplicateLayout.action_replicate_layout 256:Replication complete
